This is pdfTeX, Version 3.141592653-2.6-1.40.23 (TeX Live 2022/dev) (preloaded format=pdflatex 2021.8.29)  30 AUG 2021 19:28
entering extended mode
 restricted \write18 enabled.
 file:line:error style messages enabled.
 %&-line parsing enabled.
**"á„†á…®á†«á„Œá…©á†¼á„†á…µá†«_210830_á„‹á…§á†«á„€á…®á„€á…§á†¼á„€á…ª á„‡á…©á„€á
…©.tex"

(./á„†á…®á†«á„Œá…©á†¼á„†á…µá†«_210830_á„‹á…§á†«á„€á…®á„€á…§á†¼á„€á…ª á„‡á…©á„€á
…©.tex
LaTeX2e <2021-06-01> patch level 1
L3 programming layer <2021-08-27>
(/usr/local/texlive/2021/texmf-dist/tex/latex/base/article.cls
Document Class: article 2021/02/12 v1.4n Standard LaTeX document class
(/usr/local/texlive/2021/texmf-dist/tex/latex/base/size11.clo
File: size11.clo 2021/02/12 v1.4n Standard LaTeX file (size option)
)
\c@part=\count182
\c@section=\count183
\c@subsection=\count184
\c@subsubsection=\count185
\c@paragraph=\count186
\c@subparagraph=\count187
\c@figure=\count188
\c@table=\count189
\abovecaptionskip=\skip47
\belowcaptionskip=\skip48
\bibindent=\dimen138
)
(/usr/local/texlive/2021/texmf-dist/tex/latex/geometry/geometry.sty
Package: geometry 2020/01/02 v5.9 Page Geometry

(/usr/local/texlive/2021/texmf-dist/tex/latex/graphics/keyval.sty
Package: keyval 2014/10/28 v1.15 key=value parser (DPC)
\KV@toks@=\toks16
)
(/usr/local/texlive/2021/texmf-dist/tex/generic/iftex/ifvtex.sty
Package: ifvtex 2019/10/25 v1.7 ifvtex legacy package. Use iftex instead.

(/usr/local/texlive/2021/texmf-dist/tex/generic/iftex/iftex.sty
Package: iftex 2020/03/06 v1.0d TeX engine tests
))
\Gm@cnth=\count190
\Gm@cntv=\count191
\c@Gm@tempcnt=\count192
\Gm@bindingoffset=\dimen139
\Gm@wd@mp=\dimen140
\Gm@odd@mp=\dimen141
\Gm@even@mp=\dimen142
\Gm@layoutwidth=\dimen143
\Gm@layoutheight=\dimen144
\Gm@layouthoffset=\dimen145
\Gm@layoutvoffset=\dimen146
\Gm@dimlist=\toks17
)
(/usr/local/texlive/2021/texmf-dist/tex/latex/cjk-ko/kotex.sty
Package: kotex 2015/04/19 v1.6 Korean TeX (ko.TeX)

(/usr/local/texlive/2021/texmf-dist/tex/latex/kotex-utf/kotex.cfg)
(/usr/local/texlive/2021/texmf-dist/tex/latex/kotex-utf/kotexutf.sty
Package: kotexutf 2015/07/18 v2.1.1 typesetting UTF-8 Korean documents

(/usr/local/texlive/2021/texmf-dist/tex/latex/base/inputenc.sty
Package: inputenc 2021/02/14 v1.3d Input encoding file
\inpenc@prehook=\toks18
\inpenc@posthook=\toks19
)
(/usr/local/texlive/2021/texmf-dist/tex/plain/kotex-plain/kotexutf-core.tex
\unih@ngulpoint=\count193
\dhucs@emph@raise=\dimen147
)
Now handling font encoding LUC ...
... processing UTF-8 mapping file for font encoding LUC

(/usr/local/texlive/2021/texmf-dist/tex/latex/kotex-utf/lucenc.dfu
File: lucenc.dfu 2007/09/05 UTF-8 support for dhucs
   defining Unicode char U+00B7 (decimal 183)
   defining Unicode char U+2018 (decimal 8216)
   defining Unicode char U+2019 (decimal 8217)
   defining Unicode char U+201C (decimal 8220)
   defining Unicode char U+201D (decimal 8221)
   defining Unicode char U+3001 (decimal 12289)
   defining Unicode char U+3002 (decimal 12290)
   defining Unicode char U+3008 (decimal 12296)
   defining Unicode char U+3009 (decimal 12297)
   defining Unicode char U+300A (decimal 12298)
   defining Unicode char U+300B (decimal 12299)
   defining Unicode char U+300C (decimal 12300)
   defining Unicode char U+300D (decimal 12301)
   defining Unicode char U+300E (decimal 12302)
   defining Unicode char U+300F (decimal 12303)
   defining Unicode char U+3010 (decimal 12304)
   defining Unicode char U+3011 (decimal 12305)
   defining Unicode char U+3014 (decimal 12308)
   defining Unicode char U+3015 (decimal 12309)
   defining Unicode char U+3016 (decimal 12310)
   defining Unicode char U+3017 (decimal 12311)
   defining Unicode char U+3018 (decimal 12312)
   defining Unicode char U+3019 (decimal 12313)
   defining Unicode char U+301A (decimal 12314)
   defining Unicode char U+301B (decimal 12315)
   defining Unicode char U+FF01 (decimal 65281)
   defining Unicode char U+FF08 (decimal 65288)
   defining Unicode char U+FF09 (decimal 65289)
   defining Unicode char U+FF0C (decimal 65292)
   defining Unicode char U+FF0E (decimal 65294)
   defining Unicode char U+FF1A (decimal 65306)
   defining Unicode char U+FF1B (decimal 65307)
   defining Unicode char U+FF1C (decimal 65308)
   defining Unicode char U+FF1D (decimal 65309)
   defining Unicode char U+FF1E (decimal 65310)
   defining Unicode char U+FF1F (decimal 65311)
   defining Unicode char U+FF3B (decimal 65339)
   defining Unicode char U+FF3D (decimal 65341)
   defining Unicode char U+FF5B (decimal 65371)
   defining Unicode char U+FF5D (decimal 65373)
   defining Unicode char U+FF61 (decimal 65377)
   defining Unicode char U+FF62 (decimal 65378)
   defining Unicode char U+FF63 (decimal 65379)
   defining Unicode char U+FF64 (decimal 65380)
   defining Unicode char U+FF65 (decimal 65381)
)
\@josa=\count194
\josatoks=\toks20

(/usr/local/texlive/2021/texmf-dist/tex/latex/cjk-ko/kolabels-utf.sty
Package: kolabels-utf 2015/03/20 v1.5 UTF-8 Hangul item labels
)))
(/usr/local/texlive/2021/texmf-dist/tex/latex/amsmath/amsmath.sty
Package: amsmath 2021/04/20 v2.17j AMS math features
\@mathmargin=\skip49

For additional information on amsmath, use the `?' option.
(/usr/local/texlive/2021/texmf-dist/tex/latex/amsmath/amstext.sty
Package: amstext 2000/06/29 v2.01 AMS text

(/usr/local/texlive/2021/texmf-dist/tex/latex/amsmath/amsgen.sty
File: amsgen.sty 1999/11/30 v2.0 generic functions
\@emptytoks=\toks21
\ex@=\dimen148
))
(/usr/local/texlive/2021/texmf-dist/tex/latex/amsmath/amsbsy.sty
Package: amsbsy 1999/11/29 v1.2d Bold Symbols
\pmbraise@=\dimen149
)
(/usr/local/texlive/2021/texmf-dist/tex/latex/amsmath/amsopn.sty
Package: amsopn 2016/03/08 v2.02 operator names
)
\inf@bad=\count195
LaTeX Info: Redefining \frac on input line 234.
\uproot@=\count196
\leftroot@=\count197
LaTeX Info: Redefining \overline on input line 399.
\classnum@=\count198
\DOTSCASE@=\count199
LaTeX Info: Redefining \ldots on input line 496.
LaTeX Info: Redefining \dots on input line 499.
LaTeX Info: Redefining \cdots on input line 620.
\Mathstrutbox@=\box50
\strutbox@=\box51
\big@size=\dimen150
LaTeX Font Info:    Redeclaring font encoding OML on input line 743.
LaTeX Font Info:    Redeclaring font encoding OMS on input line 744.
\macc@depth=\count266
\c@MaxMatrixCols=\count267
\dotsspace@=\muskip16
\c@parentequation=\count268
\dspbrk@lvl=\count269
\tag@help=\toks22
\row@=\count270
\column@=\count271
\maxfields@=\count272
\andhelp@=\toks23
\eqnshift@=\dimen151
\alignsep@=\dimen152
\tagshift@=\dimen153
\tagwidth@=\dimen154
\totwidth@=\dimen155
\lineht@=\dimen156
\@envbody=\toks24
\multlinegap=\skip50
\multlinetaggap=\skip51
\mathdisplay@stack=\toks25
LaTeX Info: Redefining \[ on input line 2923.
LaTeX Info: Redefining \] on input line 2924.
)
(/usr/local/texlive/2021/texmf-dist/tex/latex/graphics/graphicx.sty
Package: graphicx 2020/12/05 v1.2c Enhanced LaTeX Graphics (DPC,SPQR)

(/usr/local/texlive/2021/texmf-dist/tex/latex/graphics/graphics.sty
Package: graphics 2021/03/04 v1.4d Standard LaTeX Graphics (DPC,SPQR)

(/usr/local/texlive/2021/texmf-dist/tex/latex/graphics/trig.sty
Package: trig 2016/01/03 v1.10 sin cos tan (DPC)
)
(/usr/local/texlive/2021/texmf-dist/tex/latex/graphics-cfg/graphics.cfg
File: graphics.cfg 2016/06/04 v1.11 sample graphics configuration
)
Package graphics Info: Driver file: pdftex.def on input line 107.

(/usr/local/texlive/2021/texmf-dist/tex/latex/graphics-def/pdftex.def
File: pdftex.def 2020/10/05 v1.2a Graphics/color driver for pdftex
))
\Gin@req@height=\dimen157
\Gin@req@width=\dimen158
)
(/usr/local/texlive/2021/texmf-dist/tex/latex/l3backend/l3backend-pdftex.def
File: l3backend-pdftex.def 2021-08-04 L3 backend support: PDF output (pdfTeX)
\l__color_backend_stack_int=\count273
\l__pdf_internal_box=\box52
)

LaTeX Warning: Unused global option(s):
    [a4papaer].


(./á„†á…®á†«á„Œá…©á†¼á„†á…µá†«_210830_á„‹á…§á†«á„€á…®á„€á…§á†¼á„€á…ª á„‡á…©á„€á
…©.aux)
\openout1 = `"á„†á…®á†«á„Œá…©á†¼á„†á…µá†«_210830_á„‹á…§á†«á„€á…®á„€á…§á†¼á„€á…ª
 á„‡á…©á„€á…©.aux"'.

LaTeX Font Info:    Checking defaults for OML/cmm/m/it on input line 10.
LaTeX Font Info:    ... okay on input line 10.
LaTeX Font Info:    Checking defaults for OMS/cmsy/m/n on input line 10.
LaTeX Font Info:    ... okay on input line 10.
LaTeX Font Info:    Checking defaults for OT1/cmr/m/n on input line 10.
LaTeX Font Info:    ... okay on input line 10.
LaTeX Font Info:    Checking defaults for T1/cmr/m/n on input line 10.
LaTeX Font Info:    ... okay on input line 10.
LaTeX Font Info:    Checking defaults for TS1/cmr/m/n on input line 10.
LaTeX Font Info:    ... okay on input line 10.
LaTeX Font Info:    Checking defaults for OMX/cmex/m/n on input line 10.
LaTeX Font Info:    ... okay on input line 10.
LaTeX Font Info:    Checking defaults for U/cmr/m/n on input line 10.
LaTeX Font Info:    ... okay on input line 10.
LaTeX Font Info:    Checking defaults for LUC/nanummj/m/n on input line 10.
LaTeX Font Info:    Trying to load font information for LUC+nanummj on input li
ne 10.
 (/usr/local/texlive/2021/texmf-dist/tex/latex/nanumtype1/lucnanummj.fd
File: lucnanummj.fd 2013/02/12 v0.1 Nanum Myeongjo font definitions
)
LaTeX Font Info:    ... okay on input line 10.
*geometry* driver: auto-detecting
*geometry* detected driver: pdftex
*geometry* verbose mode - [ preamble ] result:
* driver: pdftex
* paper: <default>
* layout: <same size as paper>
* layoutoffset:(h,v)=(0.0pt,0.0pt)
* bindingoffset: 14.22636pt
* modes: twoside 
* h-part:(L,W,R)=(60.00687pt, 450.05147pt, 90.0103pt)
* v-part:(T,H,B)=(79.49698pt, 596.22748pt, 119.24553pt)
* \paperwidth=614.295pt
* \paperheight=794.96999pt
* \textwidth=450.05147pt
* \textheight=596.22748pt
* \oddsidemargin=1.96324pt
* \evensidemargin=17.74031pt
* \topmargin=-29.77301pt
* \headheight=12.0pt
* \headsep=25.0pt
* \topskip=11.0pt
* \footskip=30.0pt
* \marginparwidth=59.0pt
* \marginparsep=10.0pt
* \columnsep=10.0pt
* \skip\footins=10.0pt plus 4.0pt minus 2.0pt
* \hoffset=0.0pt
* \voffset=0.0pt
* \mag=1000
* \@twocolumnfalse
* \@twosidetrue
* \@mparswitchtrue
* \@reversemarginfalse
* (1in=72.27pt=25.4mm, 1cm=28.453pt)

(/usr/local/texlive/2021/texmf-dist/tex/context/base/mkii/supp-pdf.mkii
[Loading MPS to PDF converter (version 2006.09.02).]
\scratchcounter=\count274
\scratchdimen=\dimen159
\scratchbox=\box53
\nofMPsegments=\count275
\nofMParguments=\count276
\everyMPshowfont=\toks26
\MPscratchCnt=\count277
\MPscratchDim=\dimen160
\MPnumerator=\count278
\makeMPintoPDFobject=\count279
\everyMPtoPDFconversion=\toks27
) (/usr/local/texlive/2021/texmf-dist/tex/latex/epstopdf-pkg/epstopdf-base.sty
Package: epstopdf-base 2020-01-24 v2.11 Base part for package epstopdf
Package epstopdf-base Info: Redefining graphics rule for `.eps' on input line 4
85.

(/usr/local/texlive/2021/texmf-dist/tex/latex/latexconfig/epstopdf-sys.cfg
File: epstopdf-sys.cfg 2010/07/13 v1.3 Configuration of (r)epstopdf for TeX Liv
e
))
[1

{/usr/local/texlive/2021/texmf-var/fonts/map/pdftex/updmap/pdftex.map}]
[2] [3]
Underfull \hbox (badness 10000) in paragraph at lines 96--97

 []

<checkerboard.png, id=86, 828.09375pt x 628.59843pt>
File: checkerboard.png Graphic file (type png)
<use checkerboard.png>
Package pdftex.def Info: checkerboard.png  used on input line 99.
(pdftex.def)             Requested size: 450.05147pt x 341.63458pt.

Overfull \hbox (78.84015pt too wide) in paragraph at lines 98--100
[] 
 []

[4] [5 <./checkerboard.png>]
(./á„†á…®á†«á„Œá…©á†¼á„†á…µá†«_210830_á„‹á…§á†«á„€á…®á„€á…§á†¼á„€á…ª á„‡á…©á„€á
…©.aux) ) 
Here is how much of TeX's memory you used:
 2962 strings out of 478599
 44212 string characters out of 5854086
 361313 words of memory out of 5000000
 20756 multiletter control sequences out of 15000+600000
 439854 words of font info for 151 fonts, out of 8000000 for 9000
 1141 hyphenation exceptions out of 8191
 57i,7n,66p,715b,407s stack positions out of 5000i,500n,10000p,200000b,80000s
{/usr/local/texlive/2021/texmf-dist/fonts/enc/dvips/cm-super/cm-super-
ts1.enc}</usr/local/texlive/2021/texmf-dist/fonts/type1/public/amsfonts/cm/cmbx
10.pfb></usr/local/texlive/2021/texmf-dist/fonts/type1/public/amsfonts/cm/cmbx1
2.pfb></usr/local/texlive/2021/texmf-dist/fonts/type1/public/amsfonts/cm/cmmi10
.pfb></usr/local/texlive/2021/texmf-dist/fonts/type1/public/amsfonts/cm/cmr10.p
fb></usr/local/texlive/2021/texmf-dist/fonts/type1/public/amsfonts/cm/cmr12.pfb
></usr/local/texlive/2021/texmf-dist/fonts/type1/public/amsfonts/cm/cmr17.pfb><
/usr/local/texlive/2021/texmf-dist/fonts/type1/public/amsfonts/cm/cmr7.pfb></us
r/local/texlive/2021/texmf-dist/fonts/type1/public/amsfonts/cm/cmsy10.pfb></usr
/local/texlive/2021/texmf-dist/fonts/type1/public/nanumtype1/nanummjbac.pfb></u
sr/local/texlive/2021/texmf-dist/fonts/type1/public/nanumtype1/nanummjbad.pfb><
/usr/local/texlive/2021/texmf-dist/fonts/type1/public/nanumtype1/nanummjbae.pfb
></usr/local/texlive/2021/texmf-dist/fonts/type1/public/nanumtype1/nanummjbb0.p
fb></usr/local/texlive/2021/texmf-dist/fonts/type1/public/nanumtype1/nanummjbb2
.pfb></usr/local/texlive/2021/texmf-dist/fonts/type1/public/nanumtype1/nanummjb
b3.pfb></usr/local/texlive/2021/texmf-dist/fonts/type1/public/nanumtype1/nanumm
jbb4.pfb></usr/local/texlive/2021/texmf-dist/fonts/type1/public/nanumtype1/nanu
mmjbb7.pfb></usr/local/texlive/2021/texmf-dist/fonts/type1/public/nanumtype1/na
nummjbb8.pfb></usr/local/texlive/2021/texmf-dist/fonts/type1/public/nanumtype1/
nanummjbb9.pfb></usr/local/texlive/2021/texmf-dist/fonts/type1/public/nanumtype
1/nanummjbba.pfb></usr/local/texlive/2021/texmf-dist/fonts/type1/public/nanumty
pe1/nanummjbbb.pfb></usr/local/texlive/2021/texmf-dist/fonts/type1/public/nanum
type1/nanummjbbc.pfb></usr/local/texlive/2021/texmf-dist/fonts/type1/public/nan
umtype1/nanummjbc0.pfb></usr/local/texlive/2021/texmf-dist/fonts/type1/public/n
anumtype1/nanummjbc1.pfb></usr/local/texlive/2021/texmf-dist/fonts/type1/public
/nanumtype1/nanummjbc2.pfb></usr/local/texlive/2021/texmf-dist/fonts/type1/publ
ic/nanumtype1/nanummjbc5.pfb></usr/local/texlive/2021/texmf-dist/fonts/type1/pu
blic/nanumtype1/nanummjbc6.pfb></usr/local/texlive/2021/texmf-dist/fonts/type1/
public/nanumtype1/nanummjbc7.pfb></usr/local/texlive/2021/texmf-dist/fonts/type
1/public/nanumtype1/nanummjbc8.pfb></usr/local/texlive/2021/texmf-dist/fonts/ty
pe1/public/nanumtype1/nanummjbc9.pfb></usr/local/texlive/2021/texmf-dist/fonts/
type1/public/nanumtype1/nanummjbcc.pfb></usr/local/texlive/2021/texmf-dist/font
s/type1/public/nanumtype1/nanummjbd0.pfb></usr/local/texlive/2021/texmf-dist/fo
nts/type1/public/nanumtype1/nanummjbd1.pfb></usr/local/texlive/2021/texmf-dist/
fonts/type1/public/nanumtype1/nanummjbd5.pfb></usr/local/texlive/2021/texmf-dis
t/fonts/type1/public/nanumtype1/nanummjbd6.pfb></usr/local/texlive/2021/texmf-d
ist/fonts/type1/public/nanumtype1/nanummjmac.pfb></usr/local/texlive/2021/texmf
-dist/fonts/type1/public/nanumtype1/nanummjmad.pfb></usr/local/texlive/2021/tex
mf-dist/fonts/type1/public/nanumtype1/nanummjmae.pfb></usr/local/texlive/2021/t
exmf-dist/fonts/type1/public/nanumtype1/nanummjmaf.pfb></usr/local/texlive/2021
/texmf-dist/fonts/type1/public/nanumtype1/nanummjmb0.pfb></usr/local/texlive/20
21/texmf-dist/fonts/type1/public/nanumtype1/nanummjmb1.pfb></usr/local/texlive/
2021/texmf-dist/fonts/type1/public/nanumtype1/nanummjmb2.pfb></usr/local/texliv
e/2021/texmf-dist/fonts/type1/public/nanumtype1/nanummjmb3.pfb></usr/local/texl
ive/2021/texmf-dist/fonts/type1/public/nanumtype1/nanummjmb4.pfb></usr/local/te
xlive/2021/texmf-dist/fonts/type1/public/nanumtype1/nanummjmb5.pfb></usr/local/
texlive/2021/texmf-dist/fonts/type1/public/nanumtype1/nanummjmb6.pfb></usr/loca
l/texlive/2021/texmf-dist/fonts/type1/public/nanumtype1/nanummjmb7.pfb></usr/lo
cal/texlive/2021/texmf-dist/fonts/type1/public/nanumtype1/nanummjmb8.pfb></usr/
local/texlive/2021/texmf-dist/fonts/type1/public/nanumtype1/nanummjmb9.pfb></us
r/local/texlive/2021/texmf-dist/fonts/type1/public/nanumtype1/nanummjmba.pfb></
usr/local/texlive/2021/texmf-dist/fonts/type1/public/nanumtype1/nanummjmbb.pfb>
</usr/local/texlive/2021/texmf-dist/fonts/type1/public/nanumtype1/nanummjmbc.pf
b></usr/local/texlive/2021/texmf-dist/fonts/type1/public/nanumtype1/nanummjmbd.
pfb></usr/local/texlive/2021/texmf-dist/fonts/type1/public/nanumtype1/nanummjmb
e.pfb></usr/local/texlive/2021/texmf-dist/fonts/type1/public/nanumtype1/nanummj
mbf.pfb></usr/local/texlive/2021/texmf-dist/fonts/type1/public/nanumtype1/nanum
mjmc0.pfb></usr/local/texlive/2021/texmf-dist/fonts/type1/public/nanumtype1/nan
ummjmc1.pfb></usr/local/texlive/2021/texmf-dist/fonts/type1/public/nanumtype1/n
anummjmc2.pfb></usr/local/texlive/2021/texmf-dist/fonts/type1/public/nanumtype1
/nanummjmc5.pfb></usr/local/texlive/2021/texmf-dist/fonts/type1/public/nanumtyp
e1/nanummjmc6.pfb></usr/local/texlive/2021/texmf-dist/fonts/type1/public/nanumt
ype1/nanummjmc7.pfb></usr/local/texlive/2021/texmf-dist/fonts/type1/public/nanu
mtype1/nanummjmc8.pfb></usr/local/texlive/2021/texmf-dist/fonts/type1/public/na
numtype1/nanummjmc9.pfb></usr/local/texlive/2021/texmf-dist/fonts/type1/public/
nanumtype1/nanummjmcc.pfb></usr/local/texlive/2021/texmf-dist/fonts/type1/publi
c/nanumtype1/nanummjmcd.pfb></usr/local/texlive/2021/texmf-dist/fonts/type1/pub
lic/nanumtype1/nanummjmce.pfb></usr/local/texlive/2021/texmf-dist/fonts/type1/p
ublic/nanumtype1/nanummjmd0.pfb></usr/local/texlive/2021/texmf-dist/fonts/type1
/public/nanumtype1/nanummjmd1.pfb></usr/local/texlive/2021/texmf-dist/fonts/typ
e1/public/nanumtype1/nanummjmd2.pfb></usr/local/texlive/2021/texmf-dist/fonts/t
ype1/public/nanumtype1/nanummjmd3.pfb></usr/local/texlive/2021/texmf-dist/fonts
/type1/public/nanumtype1/nanummjmd4.pfb></usr/local/texlive/2021/texmf-dist/fon
ts/type1/public/nanumtype1/nanummjmd5.pfb></usr/local/texlive/2021/texmf-dist/f
onts/type1/public/nanumtype1/nanummjmd6.pfb></usr/local/texlive/2021/texmf-dist
/fonts/type1/public/nanumtype1/nanummjmd7.pfb></usr/local/texlive/2021/texmf-di
st/fonts/type1/public/cm-super/sfrm1000.pfb>
Output written on "á„†á…®á†«á„Œá…©á†¼á„†á…µá†«_210830_á„‹á…§á†«á„€á…®á„€á…§á†¼á
„€á…ª á„‡á…©á„€á…©.pdf" (5 pages, 5329261 bytes).
PDF statistics:
 394 PDF objects out of 1000 (max. 8388607)
 235 compressed objects within 3 object streams
 0 named destinations out of 1000 (max. 500000)
 6 words of extra memory for PDF output out of 10000 (max. 10000000)

